You messed up!Oh no!
.().
.(()).
.Oh no!.
Oh no!
Oh no!
Oh no!
unidentified article ID
unidentified article ID
unidentified article ID
unidentified article IDunidentified article ID   |  Date:  18.04.2023 03:45:56
unidentified article ID   |  Date:  18.04.2023 03:46:05
accessing unidentified article ID   |  Date:  18.04.2023 03:47:22
accessing unidentified article ID   |  Date:  18.04.2023 03:49:49
You have an error in your SQL syntax; check the manual that corresponds to your MariaDB server version for the right syntax to use near '' at line 1   |  Date:  18.04.2023 03:51:19
deleting unidentified article ID   |  Date:  18.04.2023 03:53:31
deleting unidentified article ID   |  Date:  18.04.2023 03:53:59
No user   |  Date:  18.04.2023 09:32:02
User didn't write username   |  Date:  18.04.2023 09:35:15
No such user in database   |  Date:  18.04.2023 09:36:16
User didn't write username   |  Date:  18.04.2023 09:43:00
User didn't write password   |  Date:  18.04.2023 09:43:17
No such user in database   |  Date:  18.04.2023 09:43:36
No such user in database   |  Date:  18.04.2023 09:45:36
No such user in database   |  Date:  18.04.2023 10:05:31
No such user in database   |  Date:  18.04.2023 10:06:27
No such user in database   |  Date:  18.04.2023 10:07:03
User didn't write username   |  Date:  19.04.2023 01:01:41
User didn't write password   |  Date:  19.04.2023 01:01:48
No such user in database   |  Date:  19.04.2023 01:01:56
